[     673ms] [INFO] %cDownload the React DevTools for a better development experience: https://react.dev/link/react-devtools font-weight:bold @ http://localhost:5173/node_modules/.vite/deps/react-dom_client.js?v=1ec99336:17986
[   34794ms] [ERROR] Each child in a list should have a unique "key" prop.%s%s See https://react.dev/link/warning-keys for more information. 

Check the render method of `Dashboard`.  @ http://localhost:5173/node_modules/.vite/deps/react-dom_client.js?v=1ec99336:17516
[   79316ms] [WARNING] W0331 11:36:50.280999 2158768 face_landmarker_graph.cc:180] Sets FaceBlendshapesGraph acceleration to xnnpack by default. @ https://cdn.jsdelivr.net/npm/@mediapipe/tasks-vision@0.10.34/wasm/vision_wasm_internal.js:8367
[   80394ms] [LOG] I0331 11:36:51.360000 2158768 gl_context.cc:407] GL version: 3.0 (OpenGL ES 3.0 (WebGL 2.0 (OpenGL ES 3.0 Chromium))), renderer: WebKit WebGL @ https://cdn.jsdelivr.net/npm/@mediapipe/tasks-vision@0.10.34/wasm/vision_wasm_internal.js:4668
[   80403ms] [WARNING] W0331 11:36:51.368999 2158768 gl_context.cc:1118] OpenGL error checking is disabled @ https://cdn.jsdelivr.net/npm/@mediapipe/tasks-vision@0.10.34/wasm/vision_wasm_internal.js:8367
[   80405ms] [LOG] Graph successfully started running. @ https://cdn.jsdelivr.net/npm/@mediapipe/tasks-vision@0.10.34/wasm/vision_wasm_internal.js:1355
[   82167ms] [ERROR] INFO: Created TensorFlow Lite XNNPACK delegate for CPU. @ https://cdn.jsdelivr.net/npm/@mediapipe/tasks-vision@0.10.34/wasm/vision_wasm_internal.js:1388
[  114735ms] [LOG] [Bio-Ledger] Sovereign Presence Lost — flow paused @ http://localhost:5173/src/pages/Dashboard.tsx?t=1774956795550:152
[  380660ms] TypeError: (receipts ?? []).slice(...).map is not a function
    at Dashboard (http://localhost:5173/src/pages/Dashboard.tsx?t=1774956795550:2034:64)
    at react-stack-bottom-frame (http://localhost:5173/node_modules/.vite/deps/react-dom_client.js?v=1ec99336:17424:20)
    at renderWithHooks (http://localhost:5173/node_modules/.vite/deps/react-dom_client.js?v=1ec99336:4206:24)
    at updateFunctionComponent (http://localhost:5173/node_modules/.vite/deps/react-dom_client.js?v=1ec99336:6619:21)
    at beginWork (http://localhost:5173/node_modules/.vite/deps/react-dom_client.js?v=1ec99336:7654:20)
    at runWithFiberInDEV (http://localhost:5173/node_modules/.vite/deps/react-dom_client.js?v=1ec99336:1485:72)
    at performUnitOfWork (http://localhost:5173/node_modules/.vite/deps/react-dom_client.js?v=1ec99336:10868:98)
    at workLoopSync (http://localhost:5173/node_modules/.vite/deps/react-dom_client.js?v=1ec99336:10728:43)
    at renderRootSync (http://localhost:5173/node_modules/.vite/deps/react-dom_client.js?v=1ec99336:10711:13)
    at performWorkOnRoot (http://localhost:5173/node_modules/.vite/deps/react-dom_client.js?v=1ec99336:10359:46)
[  380655ms] [WARNING] %s

%s
 An error occurred in the <Dashboard> component. Consider adding an error boundary to your tree to customize error handling behavior.
Visit https://react.dev/link/error-boundaries to learn more about error boundaries. @ http://localhost:5173/node_modules/.vite/deps/react-dom_client.js?v=1ec99336:6228
