[     108ms] [INFO] %cDownload the React DevTools for a better development experience: https://react.dev/link/react-devtools font-weight:bold @ http://localhost:5173/node_modules/.vite/deps/react-dom_client.js?v=1ec99336:17986
[     298ms] [ERROR] Each child in a list should have a unique "key" prop.%s%s See https://react.dev/link/warning-keys for more information. 

Check the render method of `Dashboard`.  @ http://localhost:5173/node_modules/.vite/deps/react-dom_client.js?v=1ec99336:17516
[     408ms] TypeError: Cannot read properties of undefined (reading 'hrv')
    at buildWorkSteps (http://localhost:5173/src/components/ReceiptChainCard.tsx:48:34)
    at ReceiptChainCard (http://localhost:5173/src/components/ReceiptChainCard.tsx:163:101)
    at react-stack-bottom-frame (http://localhost:5173/node_modules/.vite/deps/react-dom_client.js?v=1ec99336:17424:20)
    at renderWithHooks (http://localhost:5173/node_modules/.vite/deps/react-dom_client.js?v=1ec99336:4206:24)
    at updateFunctionComponent (http://localhost:5173/node_modules/.vite/deps/react-dom_client.js?v=1ec99336:6619:21)
    at beginWork (http://localhost:5173/node_modules/.vite/deps/react-dom_client.js?v=1ec99336:7654:20)
    at runWithFiberInDEV (http://localhost:5173/node_modules/.vite/deps/react-dom_client.js?v=1ec99336:1485:72)
    at performUnitOfWork (http://localhost:5173/node_modules/.vite/deps/react-dom_client.js?v=1ec99336:10868:98)
    at workLoopSync (http://localhost:5173/node_modules/.vite/deps/react-dom_client.js?v=1ec99336:10728:43)
    at renderRootSync (http://localhost:5173/node_modules/.vite/deps/react-dom_client.js?v=1ec99336:10711:13)
[     405ms] [WARNING] %s

%s
 An error occurred in the <ReceiptChainCard> component. Consider adding an error boundary to your tree to customize error handling behavior.
Visit https://react.dev/link/error-boundaries to learn more about error boundaries. @ http://localhost:5173/node_modules/.vite/deps/react-dom_client.js?v=1ec99336:6228
[    1202ms] [WARNING] W0331 11:31:48.636999 2158768 face_landmarker_graph.cc:180] Sets FaceBlendshapesGraph acceleration to xnnpack by default. @ https://cdn.jsdelivr.net/npm/@mediapipe/tasks-vision@0.10.34/wasm/vision_wasm_internal.js:8367
[    1331ms] [LOG] I0331 11:31:48.767000 2158768 gl_context.cc:407] GL version: 3.0 (OpenGL ES 3.0 (WebGL 2.0 (OpenGL ES 3.0 Chromium))), renderer: WebKit WebGL @ https://cdn.jsdelivr.net/npm/@mediapipe/tasks-vision@0.10.34/wasm/vision_wasm_internal.js:4668
[    1335ms] [WARNING] W0331 11:31:48.769999 2158768 gl_context.cc:1118] OpenGL error checking is disabled @ https://cdn.jsdelivr.net/npm/@mediapipe/tasks-vision@0.10.34/wasm/vision_wasm_internal.js:8367
[    1337ms] [LOG] Graph successfully started running. @ https://cdn.jsdelivr.net/npm/@mediapipe/tasks-vision@0.10.34/wasm/vision_wasm_internal.js:1355
[   31379ms] [INFO] %cDownload the React DevTools for a better development experience: https://react.dev/link/react-devtools font-weight:bold @ http://localhost:5173/node_modules/.vite/deps/react-dom_client.js?v=1ec99336:17986
[   31714ms] [ERROR] Each child in a list should have a unique "key" prop.%s%s See https://react.dev/link/warning-keys for more information. 

Check the render method of `Dashboard`.  @ http://localhost:5173/node_modules/.vite/deps/react-dom_client.js?v=1ec99336:17516
[   31873ms] TypeError: Cannot read properties of undefined (reading 'focusScore')
    at ReceiptChainCard (http://localhost:5173/src/components/ReceiptChainCard.tsx?t=1774956738495:170:43)
    at react-stack-bottom-frame (http://localhost:5173/node_modules/.vite/deps/react-dom_client.js?v=1ec99336:17424:20)
    at renderWithHooks (http://localhost:5173/node_modules/.vite/deps/react-dom_client.js?v=1ec99336:4206:24)
    at updateFunctionComponent (http://localhost:5173/node_modules/.vite/deps/react-dom_client.js?v=1ec99336:6619:21)
    at beginWork (http://localhost:5173/node_modules/.vite/deps/react-dom_client.js?v=1ec99336:7654:20)
    at runWithFiberInDEV (http://localhost:5173/node_modules/.vite/deps/react-dom_client.js?v=1ec99336:1485:72)
    at performUnitOfWork (http://localhost:5173/node_modules/.vite/deps/react-dom_client.js?v=1ec99336:10868:98)
    at workLoopSync (http://localhost:5173/node_modules/.vite/deps/react-dom_client.js?v=1ec99336:10728:43)
    at renderRootSync (http://localhost:5173/node_modules/.vite/deps/react-dom_client.js?v=1ec99336:10711:13)
    at performWorkOnRoot (http://localhost:5173/node_modules/.vite/deps/react-dom_client.js?v=1ec99336:10359:46)
[   31872ms] [WARNING] %s

%s
 An error occurred in the <ReceiptChainCard> component. Consider adding an error boundary to your tree to customize error handling behavior.
Visit https://react.dev/link/error-boundaries to learn more about error boundaries. @ http://localhost:5173/node_modules/.vite/deps/react-dom_client.js?v=1ec99336:6228
[   32720ms] [WARNING] W0331 11:32:20.152000 2158768 face_landmarker_graph.cc:180] Sets FaceBlendshapesGraph acceleration to xnnpack by default. @ https://cdn.jsdelivr.net/npm/@mediapipe/tasks-vision@0.10.34/wasm/vision_wasm_internal.js:8367
[   32928ms] [LOG] I0331 11:32:20.361999 2158768 gl_context.cc:407] GL version: 3.0 (OpenGL ES 3.0 (WebGL 2.0 (OpenGL ES 3.0 Chromium))), renderer: WebKit WebGL @ https://cdn.jsdelivr.net/npm/@mediapipe/tasks-vision@0.10.34/wasm/vision_wasm_internal.js:4668
[   32931ms] [WARNING] W0331 11:32:20.366000 2158768 gl_context.cc:1118] OpenGL error checking is disabled @ https://cdn.jsdelivr.net/npm/@mediapipe/tasks-vision@0.10.34/wasm/vision_wasm_internal.js:8367
[   32939ms] [LOG] Graph successfully started running. @ https://cdn.jsdelivr.net/npm/@mediapipe/tasks-vision@0.10.34/wasm/vision_wasm_internal.js:1355
[   36927ms] [INFO] %cDownload the React DevTools for a better development experience: https://react.dev/link/react-devtools font-weight:bold @ http://localhost:5173/node_modules/.vite/deps/react-dom_client.js?v=1ec99336:17986
[   37249ms] [ERROR] Each child in a list should have a unique "key" prop.%s%s See https://react.dev/link/warning-keys for more information. 

Check the render method of `Dashboard`.  @ http://localhost:5173/node_modules/.vite/deps/react-dom_client.js?v=1ec99336:17516
[   37390ms] TypeError: Cannot read properties of undefined (reading 'focusScore')
    at ReceiptChainCard (http://localhost:5173/src/components/ReceiptChainCard.tsx?t=1774956744057:170:43)
    at react-stack-bottom-frame (http://localhost:5173/node_modules/.vite/deps/react-dom_client.js?v=1ec99336:17424:20)
    at renderWithHooks (http://localhost:5173/node_modules/.vite/deps/react-dom_client.js?v=1ec99336:4206:24)
    at updateFunctionComponent (http://localhost:5173/node_modules/.vite/deps/react-dom_client.js?v=1ec99336:6619:21)
    at beginWork (http://localhost:5173/node_modules/.vite/deps/react-dom_client.js?v=1ec99336:7654:20)
    at runWithFiberInDEV (http://localhost:5173/node_modules/.vite/deps/react-dom_client.js?v=1ec99336:1485:72)
    at performUnitOfWork (http://localhost:5173/node_modules/.vite/deps/react-dom_client.js?v=1ec99336:10868:98)
    at workLoopSync (http://localhost:5173/node_modules/.vite/deps/react-dom_client.js?v=1ec99336:10728:43)
    at renderRootSync (http://localhost:5173/node_modules/.vite/deps/react-dom_client.js?v=1ec99336:10711:13)
    at performWorkOnRoot (http://localhost:5173/node_modules/.vite/deps/react-dom_client.js?v=1ec99336:10359:46)
[   37388ms] [WARNING] %s

%s
 An error occurred in the <ReceiptChainCard> component. Consider adding an error boundary to your tree to customize error handling behavior.
Visit https://react.dev/link/error-boundaries to learn more about error boundaries. @ http://localhost:5173/node_modules/.vite/deps/react-dom_client.js?v=1ec99336:6228
[   38135ms] [WARNING] W0331 11:32:25.569999 2158768 face_landmarker_graph.cc:180] Sets FaceBlendshapesGraph acceleration to xnnpack by default. @ https://cdn.jsdelivr.net/npm/@mediapipe/tasks-vision@0.10.34/wasm/vision_wasm_internal.js:8367
[   38238ms] [LOG] I0331 11:32:25.672999 2158768 gl_context.cc:407] GL version: 3.0 (OpenGL ES 3.0 (WebGL 2.0 (OpenGL ES 3.0 Chromium))), renderer: WebKit WebGL @ https://cdn.jsdelivr.net/npm/@mediapipe/tasks-vision@0.10.34/wasm/vision_wasm_internal.js:4668
[   38241ms] [WARNING] W0331 11:32:25.676000 2158768 gl_context.cc:1118] OpenGL error checking is disabled @ https://cdn.jsdelivr.net/npm/@mediapipe/tasks-vision@0.10.34/wasm/vision_wasm_internal.js:8367
[   38243ms] [LOG] Graph successfully started running. @ https://cdn.jsdelivr.net/npm/@mediapipe/tasks-vision@0.10.34/wasm/vision_wasm_internal.js:1355
